#-----------------------------------------------------------
# Vivado v2020.1 (64-bit)
# SW Build 2902540 on Wed May 27 19:54:49 MDT 2020
# IP Build 2902112 on Wed May 27 22:43:36 MDT 2020
# Start of session at: Mon Sep 19 14:20:58 2022
# Process ID: 13116
# Current directory: H:/EEEN402/project_8a/PWMAudio_0
# Command line: vivado.exe -gui_launcher_event rodinguilauncherevent2448 H:\EEEN402\project_8a\PWMAudio_0\PWMAudio_0.dcp
# Log file: H:/EEEN402/project_8a/PWMAudio_0/vivado.log
# Journal file: H:/EEEN402/project_8a/PWMAudio_0\vivado.jou
#-----------------------------------------------------------
start_gui
open_checkpoint H:/EEEN402/project_8a/PWMAudio_0/PWMAudio_0.dcp
Command: open_checkpoint H:/EEEN402/project_8a/PWMAudio_0/PWMAudio_0.dcp

Starting open_checkpoint Task

Time (s): cpu = 00:00:00 ; elapsed = 00:00:00.058 . Memory (MB): peak = 1080.434 ; gain = 0.000
INFO: [IP_Flow 19-234] Refreshing IP repositories
INFO: [IP_Flow 19-1704] No user IP repositories specified
INFO: [IP_Flow 19-2313] Loaded Vivado IP repository 'C:/Xilinx/Vivado/2020.1/data/ip'.
INFO: [Device 21-403] Loading part xc7a100tcsg324-1
Netlist sorting complete. Time (s): cpu = 00:00:00 ; elapsed = 00:00:00.002 . Memory (MB): peak = 1222.918 ; gain = 0.000
INFO: [Netlist 29-17] Analyzing 74 Unisim elements for replacement
INFO: [Netlist 29-28] Unisim Transformation completed in 0 CPU seconds
INFO: [Project 1-479] Netlist was created with Vivado 2020.1
INFO: [Project 1-570] Preparing netlist for logic optimization
Netlist sorting complete. Time (s): cpu = 00:00:00 ; elapsed = 00:00:00 . Memory (MB): peak = 1302.457 ; gain = 0.000
INFO: [Project 1-111] Unisim Transformation Summary:
No Unisim elements were transformed.

INFO: [Project 1-604] Checkpoint was created with Vivado v2020.1 (64-bit) build 2902540
open_checkpoint: Time (s): cpu = 00:00:36 ; elapsed = 00:00:22 . Memory (MB): peak = 1500.469 ; gain = 420.035
exit
INFO: [Common 17-206] Exiting Vivado at Mon Sep 19 14:23:39 2022...
