#-----------------------------------------------------------
# Vivado v2020.1 (64-bit)
# SW Build 2902540 on Wed May 27 19:54:49 MDT 2020
# IP Build 2902112 on Wed May 27 22:43:36 MDT 2020
# Start of session at: Tue Jul 26 15:43:08 2022
# Process ID: 17064
# Current directory: H:/EEEN402/week2projects/project_2
# Command line: vivado.exe -gui_launcher_event rodinguilauncherevent11464 H:\EEEN402\week2projects\project_2\project_2.xpr
# Log file: H:/EEEN402/week2projects/project_2/vivado.log
# Journal file: H:/EEEN402/week2projects/project_2\vivado.jou
#-----------------------------------------------------------
start_gui
open_project H:/EEEN402/week2projects/project_2/project_2.xpr
INFO: [Project 1-313] Project file moved from 'H:/EEEN402labs/project_2' since last save.
Scanning sources...
Finished scanning sources
INFO: [IP_Flow 19-234] Refreshing IP repositories
INFO: [IP_Flow 19-1704] No user IP repositories specified
INFO: [IP_Flow 19-2313] Loaded Vivado IP repository 'C:/Xilinx/Vivado/2020.1/data/ip'.
open_project: Time (s): cpu = 00:00:09 ; elapsed = 00:00:06 . Memory (MB): peak = 1074.152 ; gain = 0.000
update_compile_order -fileset sources_1
exit
INFO: [Common 17-206] Exiting Vivado at Tue Jul 26 15:53:08 2022...
