Copyright 1986-2022 Xilinx, Inc. All Rights Reserved.
---------------------------------------------------------------------------------------------------------------------------------------------------------------------------------------------------------------------------
| Tool Version : Vivado v.2022.1 (win64) Build 3526262 Mon Apr 18 15:48:16 MDT 2022
| Date         : Sun Jul 31 15:25:17 2022
| Host         : Ian running 64-bit major release  (build 9200)
| Command      : report_timing_summary -max_paths 10 -report_unconstrained -file mux_behave_timing_summary_routed.rpt -pb mux_behave_timing_summary_routed.pb -rpx mux_behave_timing_summary_routed.rpx -warn_on_violation
| Design       : mux_behave
| Device       : 7a35t-cpg236
| Speed File   : -1  PRODUCTION 1.23 2018-06-13
---------------------------------------------------------------------------------------------------------------------------------------------------------------------------------------------------------------------------

Timing Summary Report

------------------------------------------------------------------------------------------------
| Timer Settings
| --------------
------------------------------------------------------------------------------------------------

  Enable Multi Corner Analysis               :  Yes
  Enable Pessimism Removal                   :  Yes
  Pessimism Removal Resolution               :  Nearest Common Node
  Enable Input Delay Default Clock           :  No
  Enable Preset / Clear Arcs                 :  No
  Disable Flight Delays                      :  No
  Ignore I/O Paths                           :  No
  Timing Early Launch at Borrowing Latches   :  No
  Borrow Time for Max Delay Exceptions       :  Yes
  Merge Timing Exceptions                    :  Yes

  Corner  Analyze    Analyze    
  Name    Max Paths  Min Paths  
  ------  ---------  ---------  
  Slow    Yes        Yes        
  Fast    Yes        Yes        


------------------------------------------------------------------------------------------------
| Report Methodology
| ------------------
------------------------------------------------------------------------------------------------

Rule  Severity  Description  Violations  
----  --------  -----------  ----------  

Note: This report is based on the most recent report_methodology run and may not be up-to-date. Run report_methodology on the current design for the latest report.



check_timing report

Table of Contents
-----------------
1. checking no_clock (0)
2. checking constant_clock (0)
3. checking pulse_width_clock (0)
4. checking unconstrained_internal_endpoints (0)
5. checking no_input_delay (0)
6. checking no_output_delay (0)
7. checking multiple_clock (0)
8. checking generated_clocks (0)
9. checking loops (0)
10. checking partial_input_delay (0)
11. checking partial_output_delay (0)
12. checking latch_loops (0)

1. checking no_clock (0)
------------------------
 There are 0 register/latch pins with no clock.


2. checking constant_clock (0)
------------------------------
 There are 0 register/latch pins with constant_clock.


3. checking pulse_width_clock (0)
---------------------------------
 There are 0 register/latch pins which need pulse_width check


4. checking unconstrained_internal_endpoints (0)
------------------------------------------------
 There are 0 pins that are not constrained for maximum delay.

 There are 0 pins that are not constrained for maximum delay due to constant clock.


5. checking no_input_delay (0)
------------------------------
 There are 0 input ports with no input delay specified.

 There are 0 input ports with no input delay but user has a false path constraint.


6. checking no_output_delay (0)
-------------------------------
 There are 0 ports with no output delay specified.

 There are 0 ports with no output delay but user has a false path constraint

 There are 0 ports with no output delay but with a timing clock defined on it or propagating through it


7. checking multiple_clock (0)
------------------------------
 There are 0 register/latch pins with multiple clocks.


8. checking generated_clocks (0)
--------------------------------
 There are 0 generated clocks that are not connected to a clock source.


9. checking loops (0)
---------------------
 There are 0 combinational loops in the design.


10. checking partial_input_delay (0)
------------------------------------
 There are 0 input ports with partial input delay specified.


11. checking partial_output_delay (0)
-------------------------------------
 There are 0 ports with partial output delay specified.


12. checking latch_loops (0)
----------------------------
 There are 0 combinational latch loops in the design through latch input



------------------------------------------------------------------------------------------------
| Design Timing Summary
| ---------------------
------------------------------------------------------------------------------------------------

    WNS(ns)      TNS(ns)  TNS Failing Endpoints  TNS Total Endpoints      WHS(ns)      THS(ns)  THS Failing Endpoints  THS Total Endpoints     WPWS(ns)     TPWS(ns)  TPWS Failing Endpoints  TPWS Total Endpoints  
    -------      -------  ---------------------  -------------------      -------      -------  ---------------------  -------------------     --------     --------  ----------------------  --------------------  
        inf        0.000                      0                    2          inf        0.000                      0                    2           NA           NA                      NA                    NA  


There are no user specified timing constraints.


------------------------------------------------------------------------------------------------
| Clock Summary
| -------------
------------------------------------------------------------------------------------------------


------------------------------------------------------------------------------------------------
| Intra Clock Table
| -----------------
------------------------------------------------------------------------------------------------

Clock             WNS(ns)      TNS(ns)  TNS Failing Endpoints  TNS Total Endpoints      WHS(ns)      THS(ns)  THS Failing Endpoints  THS Total Endpoints     WPWS(ns)     TPWS(ns)  TPWS Failing Endpoints  TPWS Total Endpoints  
-----             -------      -------  ---------------------  -------------------      -------      -------  ---------------------  -------------------     --------     --------  ----------------------  --------------------  


------------------------------------------------------------------------------------------------
| Inter Clock Table
| -----------------
------------------------------------------------------------------------------------------------

From Clock    To Clock          WNS(ns)      TNS(ns)  TNS Failing Endpoints  TNS Total Endpoints      WHS(ns)      THS(ns)  THS Failing Endpoints  THS Total Endpoints  
----------    --------          -------      -------  ---------------------  -------------------      -------      -------  ---------------------  -------------------  


------------------------------------------------------------------------------------------------
| Other Path Groups Table
| -----------------------
------------------------------------------------------------------------------------------------

Path Group    From Clock    To Clock          WNS(ns)      TNS(ns)  TNS Failing Endpoints  TNS Total Endpoints      WHS(ns)      THS(ns)  THS Failing Endpoints  THS Total Endpoints  
----------    ----------    --------          -------      -------  ---------------------  -------------------      -------      -------  ---------------------  -------------------  


------------------------------------------------------------------------------------------------
| User Ignored Path Table
| -----------------------
------------------------------------------------------------------------------------------------

Path Group    From Clock    To Clock    
----------    ----------    --------    


------------------------------------------------------------------------------------------------
| Unconstrained Path Table
| ------------------------
------------------------------------------------------------------------------------------------

Path Group    From Clock    To Clock    
----------    ----------    --------    
(none)                                    


------------------------------------------------------------------------------------------------
| Timing Details
| --------------
------------------------------------------------------------------------------------------------


--------------------------------------------------------------------------------------
Path Group:  (none)
From Clock:  
  To Clock:  

Max Delay             2 Endpoints
Min Delay             2 Endpoints
--------------------------------------------------------------------------------------


Max Delay Paths
--------------------------------------------------------------------------------------
Slack:                    inf
  Source:                 y[1]
                            (input port)
  Destination:            m[1]
                            (output port)
  Path Group:             (none)
  Path Type:              Max at Slow Process Corner
  Data Path Delay:        9.359ns  (logic 5.098ns (54.475%)  route 4.261ns (45.525%))
  Logic Levels:           3  (IBUF=1 LUT3=1 OBUF=1)

    Location             Delay type                Incr(ns)  Path(ns)    Netlist Resource(s)
  -------------------------------------------------------------------    -------------------
    U1                                                0.000     0.000 r  y[1] (IN)
                         net (fo=0)                   0.000     0.000    y[1]
    U1                   IBUF (Prop_ibuf_I_O)         1.453     1.453 r  y_IBUF[1]_inst/O
                         net (fo=1, routed)           1.431     2.884    y_IBUF[1]
    SLICE_X65Y46         LUT3 (Prop_lut3_I0_O)        0.124     3.008 r  m_OBUF[1]_inst_i_1/O
                         net (fo=1, routed)           2.830     5.838    m_OBUF[1]
    L1                   OBUF (Prop_obuf_I_O)         3.521     9.359 r  m_OBUF[1]_inst/O
                         net (fo=0)                   0.000     9.359    m[1]
    L1                                                                r  m[1] (OUT)
  -------------------------------------------------------------------    -------------------

Slack:                    inf
  Source:                 y[0]
                            (input port)
  Destination:            m[0]
                            (output port)
  Path Group:             (none)
  Path Type:              Max at Slow Process Corner
  Data Path Delay:        9.173ns  (logic 5.338ns (58.192%)  route 3.835ns (41.808%))
  Logic Levels:           3  (IBUF=1 LUT3=1 OBUF=1)

    Location             Delay type                Incr(ns)  Path(ns)    Netlist Resource(s)
  -------------------------------------------------------------------    -------------------
    W2                                                0.000     0.000 r  y[0] (IN)
                         net (fo=0)                   0.000     0.000    y[0]
    W2                   IBUF (Prop_ibuf_I_O)         1.469     1.469 r  y_IBUF[0]_inst/O
                         net (fo=1, routed)           1.565     3.034    y_IBUF[0]
    SLICE_X65Y46         LUT3 (Prop_lut3_I0_O)        0.152     3.186 r  m_OBUF[0]_inst_i_1/O
                         net (fo=1, routed)           2.270     5.456    m_OBUF[0]
    P1                   OBUF (Prop_obuf_I_O)         3.717     9.173 r  m_OBUF[0]_inst/O
                         net (fo=0)                   0.000     9.173    m[0]
    P1                                                                r  m[0] (OUT)
  -------------------------------------------------------------------    -------------------





Min Delay Paths
--------------------------------------------------------------------------------------
Slack:                    inf
  Source:                 s
                            (input port)
  Destination:            m[0]
                            (output port)
  Path Group:             (none)
  Path Type:              Min at Fast Process Corner
  Data Path Delay:        2.509ns  (logic 1.556ns (62.030%)  route 0.953ns (37.970%))
  Logic Levels:           3  (IBUF=1 LUT3=1 OBUF=1)

    Location             Delay type                Incr(ns)  Path(ns)    Netlist Resource(s)
  -------------------------------------------------------------------    -------------------
    R3                                                0.000     0.000 r  s (IN)
                         net (fo=0)                   0.000     0.000    s
    R3                   IBUF (Prop_ibuf_I_O)         0.232     0.232 r  s_IBUF_inst/O
                         net (fo=2, routed)           0.375     0.607    s_IBUF
    SLICE_X65Y46         LUT3 (Prop_lut3_I2_O)        0.046     0.653 r  m_OBUF[0]_inst_i_1/O
                         net (fo=1, routed)           0.578     1.230    m_OBUF[0]
    P1                   OBUF (Prop_obuf_I_O)         1.278     2.509 r  m_OBUF[0]_inst/O
                         net (fo=0)                   0.000     2.509    m[0]
    P1                                                                r  m[0] (OUT)
  -------------------------------------------------------------------    -------------------

Slack:                    inf
  Source:                 x[1]
                            (input port)
  Destination:            m[1]
                            (output port)
  Path Group:             (none)
  Path Type:              Min at Fast Process Corner
  Data Path Delay:        2.669ns  (logic 1.492ns (55.897%)  route 1.177ns (44.103%))
  Logic Levels:           3  (IBUF=1 LUT3=1 OBUF=1)

    Location             Delay type                Incr(ns)  Path(ns)    Netlist Resource(s)
  -------------------------------------------------------------------    -------------------
    R2                                                0.000     0.000 r  x[1] (IN)
                         net (fo=0)                   0.000     0.000    x[1]
    R2                   IBUF (Prop_ibuf_I_O)         0.224     0.224 r  x_IBUF[1]_inst/O
                         net (fo=1, routed)           0.357     0.581    x_IBUF[1]
    SLICE_X65Y46         LUT3 (Prop_lut3_I1_O)        0.045     0.626 r  m_OBUF[1]_inst_i_1/O
                         net (fo=1, routed)           0.820     1.446    m_OBUF[1]
    L1                   OBUF (Prop_obuf_I_O)         1.222     2.669 r  m_OBUF[1]_inst/O
                         net (fo=0)                   0.000     2.669    m[1]
    L1                                                                r  m[1] (OUT)
  -------------------------------------------------------------------    -------------------





