Copyright 1986-2022 Xilinx, Inc. All Rights Reserved.
-------------------------------------------------------------------------------------------------------------
| Tool Version : Vivado v.2022.1 (win64) Build 3526262 Mon Apr 18 15:48:16 MDT 2022
| Date         : Sat Sep 10 14:03:24 2022
| Host         : Ian running 64-bit major release  (build 9200)
| Command      : upgrade_project -migrate_output_products
| Project_Path : D:/GitHub/EEEN402_FPGA_low_latency/project_6_microblazer_wrapper/project_6.xpr
-------------------------------------------------------------------------------------------------------------

Project Status Summary

1. Project IP Status
--------------------
This project contains 0 IP and 1 Block Designs.


1.1 Project IP Instances
+----------------------------------+-------------------------+-------------------------------------+-------------------------------------+
| Instance Name                    | Status                  | Reason                              | Recommendation                      |
+----------------------------------+-------------------------+-------------------------------------+-------------------------------------+
| Lab6_1_axi_gpio_0_0              | Will be Migrated.       |                                     |                                     |
+----------------------------------+-------------------------+-------------------------------------+-------------------------------------+
| Lab6_1_axi_uartlite_0_0          | Will be Migrated.       |                                     |                                     |
+----------------------------------+-------------------------+-------------------------------------+-------------------------------------+
| Lab6_1_clk_wiz_0_0               | Will be Migrated.       |                                     |                                     |
+----------------------------------+-------------------------+-------------------------------------+-------------------------------------+
| Lab6_1_dlmb_bram_if_cntlr_0      | Will be Migrated.       |                                     |                                     |
+----------------------------------+-------------------------+-------------------------------------+-------------------------------------+
| Lab6_1_dlmb_v10_0                | Will be Migrated.       |                                     |                                     |
+----------------------------------+-------------------------+-------------------------------------+-------------------------------------+
| Lab6_1_ilmb_bram_if_cntlr_0      | Will be Migrated.       |                                     |                                     |
+----------------------------------+-------------------------+-------------------------------------+-------------------------------------+
| Lab6_1_ilmb_v10_0                | Will be Migrated.       |                                     |                                     |
+----------------------------------+-------------------------+-------------------------------------+-------------------------------------+
| Lab6_1_lmb_bram_0                | Will be Migrated.       |                                     |                                     |
+----------------------------------+-------------------------+-------------------------------------+-------------------------------------+
| Lab6_1_mdm_1_0                   | Will be Migrated.       |                                     |                                     |
+----------------------------------+-------------------------+-------------------------------------+-------------------------------------+
| Lab6_1_microblaze_0_0            | Will be Migrated.       |                                     |                                     |
+----------------------------------+-------------------------+-------------------------------------+-------------------------------------+
| Lab6_1_microblaze_0_axi_periph_0 | Will be Migrated.       |                                     |                                     |
+----------------------------------+-------------------------+-------------------------------------+-------------------------------------+
| Lab6_1_rst_clk_wiz_0_100M_0      | Will be Migrated.       |                                     |                                     |
+----------------------------------+-------------------------+-------------------------------------+-------------------------------------+
| Lab6_1_xbar_0                    | Will be Migrated.       |                                     |                                     |
+----------------------------------+-------------------------+-------------------------------------+-------------------------------------+


1.2 Project Block Designs
+--------+-------------------------+-------------------------------------+-------------------------------------+
| Design | Status                  | Reason                              | Recommendation                      |
| Name   |                         |                                     |                                     |
+--------+-------------------------+-------------------------------------+-------------------------------------+
| Lab6_1 | Will be Migrated.       |                                     |                                     |
+--------+-------------------------+-------------------------------------+-------------------------------------+



