#-----------------------------------------------------------
# Vivado v2020.1 (64-bit)
# SW Build 2902540 on Wed May 27 19:54:49 MDT 2020
# IP Build 2902112 on Wed May 27 22:43:36 MDT 2020
# Start of session at: Fri Oct 14 16:51:49 2022
# Process ID: 5496
# Current directory: H:/EEEN402/project_8a
# Command line: vivado.exe -gui_launcher_event rodinguilauncherevent4784 H:\EEEN402\project_8a\project_8a.xpr
# Log file: H:/EEEN402/project_8a/vivado.log
# Journal file: H:/EEEN402/project_8a\vivado.jou
#-----------------------------------------------------------
start_gui
open_project H:/EEEN402/project_8a/project_8a.xpr
Scanning sources...
Finished scanning sources
INFO: [IP_Flow 19-234] Refreshing IP repositories
INFO: [IP_Flow 19-1700] Loaded user IP repository '//state-opera.ecs.vuw.ac.nz/chinhau/Desktop/lab7'.
INFO: [IP_Flow 19-2313] Loaded Vivado IP repository 'C:/Xilinx/Vivado/2020.1/data/ip'.
open_project: Time (s): cpu = 00:00:22 ; elapsed = 00:00:15 . Memory (MB): peak = 1073.988 ; gain = 0.000
update_compile_order -fileset sources_1
exit
INFO: [Common 17-206] Exiting Vivado at Fri Oct 14 16:52:29 2022...
